<?xml version="1.0" encoding="UTF-8"?>
<!-- Generated by org.testng.reporters.JUnitXMLReporter -->
<testsuite hostname="pradip-HP-EliteBook-840-G3" ignored="0" name="Command line test" tests="4" failures="0" timestamp="14 May 2018 16:04:56 GMT" time="0.088" errors="0">
  <testcase name="@BeforeClass setDriver" time="0.06" classname="com.comicrelief.apps.donation.BaseTest">
    <failure type="java.lang.IllegalStateException" message="The path to the driver executable must be set by the webdriver.chrome.driver system property; for more information, see https://github.com/SeleniumHQ/selenium/wiki/ChromeDriver. The latest version can be downloaded from http://chromedriver.storage.googleapis.com/index.html">
      <![CDATA[java.lang.IllegalStateException: The path to the driver executable must be set by the webdriver.chrome.driver system property; for more information, see https://github.com/SeleniumHQ/selenium/wiki/ChromeDriver. The latest version can be downloaded from http://chromedriver.storage.googleapis.com/index.html
at com.google.common.base.Preconditions.checkState(Preconditions.java:847)
at org.openqa.selenium.remote.service.DriverService.findExecutable(DriverService.java:124)
at org.openqa.selenium.chrome.ChromeDriverService.access$000(ChromeDriverService.java:32)
at org.openqa.selenium.chrome.ChromeDriverService$Builder.findDefaultExecutable(ChromeDriverService.java:137)
at org.openqa.selenium.remote.service.DriverService$Builder.build(DriverService.java:339)
at org.openqa.selenium.chrome.ChromeDriverService.createDefaultService(ChromeDriverService.java:88)
at org.openqa.selenium.chrome.ChromeDriver.<init>(ChromeDriver.java:123)
at com.comicrelief.apps.donation.BaseTest.setDriver(BaseTest.java:32)
... Removed 36 stack frames]]>
    </failure>
  </testcase> <!-- @BeforeClass setDriver -->
  <testcase name="@AfterClass tearDown" time="0.0" classname="com.comicrelief.apps.donation.BaseTest">
    <skipped/>
  </testcase> <!-- @AfterClass tearDown -->
  <testcase name="@BeforeClass setDriver" time="0.001" classname="com.comicrelief.apps.donation.BaseTest">
    <failure type="java.lang.IllegalStateException" message="The path to the driver executable must be set by the webdriver.chrome.driver system property; for more information, see https://github.com/SeleniumHQ/selenium/wiki/ChromeDriver. The latest version can be downloaded from http://chromedriver.storage.googleapis.com/index.html">
      <![CDATA[java.lang.IllegalStateException: The path to the driver executable must be set by the webdriver.chrome.driver system property; for more information, see https://github.com/SeleniumHQ/selenium/wiki/ChromeDriver. The latest version can be downloaded from http://chromedriver.storage.googleapis.com/index.html
at com.google.common.base.Preconditions.checkState(Preconditions.java:847)
at org.openqa.selenium.remote.service.DriverService.findExecutable(DriverService.java:124)
at org.openqa.selenium.chrome.ChromeDriverService.access$000(ChromeDriverService.java:32)
at org.openqa.selenium.chrome.ChromeDriverService$Builder.findDefaultExecutable(ChromeDriverService.java:137)
at org.openqa.selenium.remote.service.DriverService$Builder.build(DriverService.java:339)
at org.openqa.selenium.chrome.ChromeDriverService.createDefaultService(ChromeDriverService.java:88)
at org.openqa.selenium.chrome.ChromeDriver.<init>(ChromeDriver.java:123)
at com.comicrelief.apps.donation.BaseTest.setDriver(BaseTest.java:32)
... Removed 36 stack frames]]>
    </failure>
  </testcase> <!-- @BeforeClass setDriver -->
  <testcase name="@AfterClass tearDown" time="0.0" classname="com.comicrelief.apps.donation.BaseTest">
    <skipped/>
  </testcase> <!-- @AfterClass tearDown -->
  <testcase name="donateJourneyPayPal" time="0.0" classname="com.comicrelief.apps.donation.DonateJourneyTest">
    <skipped/>
  </testcase> <!-- donateJourneyPayPal -->
  <testcase name="donateJourneyWorldPay" time="0.0" classname="com.comicrelief.apps.donation.DonateJourneyTest">
    <skipped/>
  </testcase> <!-- donateJourneyWorldPay -->
  <testcase name="verifyErrorMsgDonateHomePage" time="0.0" classname="com.comicrelief.apps.donation.VerifyErrorMessageTest">
    <skipped/>
  </testcase> <!-- verifyErrorMsgDonateHomePage -->
  <testcase name="verifyErrorMsgPersonalDetailPage" time="0.0" classname="com.comicrelief.apps.donation.VerifyErrorMessageTest">
    <skipped/>
  </testcase> <!-- verifyErrorMsgPersonalDetailPage -->
</testsuite> <!-- Command line test -->
