<?xml version="1.0" encoding="UTF-8"?>
<testng-results skipped="0" failed="1" ignored="0" total="3" passed="2">
  <reporter-output>
  </reporter-output>
  <suite name="Command line suite" duration-ms="30076" started-at="2018-05-04T13:02:19Z" finished-at="2018-05-04T13:02:50Z">
    <groups>
    </groups>
    <test name="Command line test" duration-ms="30076" started-at="2018-05-04T13:02:19Z" finished-at="2018-05-04T13:02:50Z">
      <class name="com.comicrelief.apps.donation.DonateJourneyTest">
        <test-method status="PASS" signature="setDriver()[pri:0, instance:com.comicrelief.apps.donation.DonateJourneyTest@3f2a3a5]" name="setDriver" is-config="true" duration-ms="5132" started-at="2018-05-04T13:02:19Z" finished-at="2018-05-04T13:02:25Z">
          <reporter-output>
          </reporter-output>
        </test-method> <!-- setDriver -->
        <test-method status="FAIL" signature="donateJourneyWorldPay()[pri:0, instance:com.comicrelief.apps.donation.DonateJourneyTest@3f2a3a5]" name="donateJourneyWorldPay" duration-ms="18562" started-at="2018-05-04T13:02:25Z" finished-at="2018-05-04T13:02:43Z">
          <exception class="org.openqa.selenium.TimeoutException">
            <message>
              <![CDATA[Expected condition failed: waiting for visibility of element located by By.id: #comicrelief_payinbundle_payment_submit (tried for 10 second(s) with 500 milliseconds interval)]]>
            </message>
            <full-stacktrace>
              <![CDATA[org.openqa.selenium.TimeoutException: Expected condition failed: waiting for visibility of element located by By.id: #comicrelief_payinbundle_payment_submit (tried for 10 second(s) with 500 milliseconds interval)
at org.openqa.selenium.support.ui.WebDriverWait.timeoutException(WebDriverWait.java:81)
at org.openqa.selenium.support.ui.FluentWait.until(FluentWait.java:271)
at com.comicrelief.apps.donation.utils.WebUtil.wiatUntilIdElementVisibility(WebUtil.java:15)
at com.comicrelief.apps.donation.pageobjects.PersonalDetailPage.fillPersonalDetailsAndClickContinue(PersonalDetailPage.java:81)
at com.comicrelief.apps.donation.DonateJourneyTest.donateJourneyWorldPay(DonateJourneyTest.java:41)
at sun.reflect.NativeMethodAccessorImpl.invoke0(Native Method)
at sun.reflect.NativeMethodAccessorImpl.invoke(NativeMethodAccessorImpl.java:62)
at sun.reflect.DelegatingMethodAccessorImpl.invoke(DelegatingMethodAccessorImpl.java:43)
at java.lang.reflect.Method.invoke(Method.java:498)
at org.testng.internal.MethodInvocationHelper.invokeMethod(MethodInvocationHelper.java:124)
at org.testng.internal.Invoker.invokeMethod(Invoker.java:583)
at org.testng.internal.Invoker.invokeTestMethod(Invoker.java:719)
at org.testng.internal.Invoker.invokeTestMethods(Invoker.java:989)
at org.testng.internal.TestMethodWorker.invokeTestMethods(TestMethodWorker.java:125)
at org.testng.internal.TestMethodWorker.run(TestMethodWorker.java:109)
at org.testng.TestRunner.privateRun(TestRunner.java:648)
at org.testng.TestRunner.run(TestRunner.java:505)
at org.testng.SuiteRunner.runTest(SuiteRunner.java:455)
at org.testng.SuiteRunner.runSequentially(SuiteRunner.java:450)
at org.testng.SuiteRunner.privateRun(SuiteRunner.java:415)
at org.testng.SuiteRunner.run(SuiteRunner.java:364)
at org.testng.SuiteRunnerWorker.runSuite(SuiteRunnerWorker.java:52)
at org.testng.SuiteRunnerWorker.run(SuiteRunnerWorker.java:84)
at org.testng.TestNG.runSuitesSequentially(TestNG.java:1208)
at org.testng.TestNG.runSuitesLocally(TestNG.java:1137)
at org.testng.TestNG.runSuites(TestNG.java:1049)
at org.testng.TestNG.run(TestNG.java:1017)
at org.apache.maven.surefire.testng.TestNGExecutor.run(TestNGExecutor.java:77)
at org.apache.maven.surefire.testng.TestNGDirectoryTestSuite.executeMulti(TestNGDirectoryTestSuite.java:159)
at org.apache.maven.surefire.testng.TestNGDirectoryTestSuite.execute(TestNGDirectoryTestSuite.java:99)
at org.apache.maven.surefire.testng.TestNGProvider.invoke(TestNGProvider.java:106)
at sun.reflect.NativeMethodAccessorImpl.invoke0(Native Method)
at sun.reflect.NativeMethodAccessorImpl.invoke(NativeMethodAccessorImpl.java:62)
at sun.reflect.DelegatingMethodAccessorImpl.invoke(DelegatingMethodAccessorImpl.java:43)
at java.lang.reflect.Method.invoke(Method.java:498)
at org.apache.maven.surefire.util.ReflectionUtils.invokeMethodWithArray(ReflectionUtils.java:189)
at org.apache.maven.surefire.booter.ProviderFactory$ProviderProxy.invoke(ProviderFactory.java:165)
at org.apache.maven.surefire.booter.ProviderFactory.invokeProvider(ProviderFactory.java:85)
at org.apache.maven.surefire.booter.ForkedBooter.runSuitesInProcess(ForkedBooter.java:115)
at org.apache.maven.surefire.booter.ForkedBooter.main(ForkedBooter.java:75)
Caused by: org.openqa.selenium.NoSuchElementException: Cannot locate an element using By.id: #comicrelief_payinbundle_payment_submit
For documentation on this error, please visit: http://seleniumhq.org/exceptions/no_such_element.html
Build info: version: '3.11.0', revision: 'e59cfb3', time: '2018-03-11T20:26:55.152Z'
System info: host: 'LT5CG4461FW5', ip: '127.0.1.1', os.name: 'Linux', os.arch: 'amd64', os.version: '4.13.0-39-generic', java.version: '1.8.0_162'
Driver info: driver.version: unknown
at org.openqa.selenium.support.ui.ExpectedConditions.lambda$findElement$0(ExpectedConditions.java:896)
at java.util.Optional.orElseThrow(Optional.java:290)
at org.openqa.selenium.support.ui.ExpectedConditions.findElement(ExpectedConditions.java:895)
at org.openqa.selenium.support.ui.ExpectedConditions.access$000(ExpectedConditions.java:44)
at org.openqa.selenium.support.ui.ExpectedConditions$7.apply(ExpectedConditions.java:206)
at org.openqa.selenium.support.ui.ExpectedConditions$7.apply(ExpectedConditions.java:202)
at org.openqa.selenium.support.ui.FluentWait.until(FluentWait.java:248)
... 38 more
]]>
            </full-stacktrace>
          </exception> <!-- org.openqa.selenium.TimeoutException -->
          <reporter-output>
          </reporter-output>
        </test-method> <!-- donateJourneyWorldPay -->
        <test-method status="PASS" signature="tearDown()[pri:0, instance:com.comicrelief.apps.donation.DonateJourneyTest@3f2a3a5]" name="tearDown" is-config="true" duration-ms="73" started-at="2018-05-04T13:02:43Z" finished-at="2018-05-04T13:02:43Z">
          <reporter-output>
          </reporter-output>
        </test-method> <!-- tearDown -->
      </class> <!-- com.comicrelief.apps.donation.DonateJourneyTest -->
      <class name="com.comicrelief.apps.donation.VerifyErrorMessageTest">
        <test-method status="PASS" signature="setDriver()[pri:0, instance:com.comicrelief.apps.donation.VerifyErrorMessageTest@4cb2c100]" name="setDriver" is-config="true" duration-ms="893" started-at="2018-05-04T13:02:43Z" finished-at="2018-05-04T13:02:44Z">
          <reporter-output>
          </reporter-output>
        </test-method> <!-- setDriver -->
        <test-method status="PASS" signature="verifyErrorMsgDonateHomePage()[pri:0, instance:com.comicrelief.apps.donation.VerifyErrorMessageTest@4cb2c100]" name="verifyErrorMsgDonateHomePage" duration-ms="3897" started-at="2018-05-04T13:02:44Z" finished-at="2018-05-04T13:02:48Z">
          <reporter-output>
          </reporter-output>
        </test-method> <!-- verifyErrorMsgDonateHomePage -->
        <test-method status="PASS" signature="verifyErrorMsgPersonalDetailPage()[pri:0, instance:com.comicrelief.apps.donation.VerifyErrorMessageTest@4cb2c100]" name="verifyErrorMsgPersonalDetailPage" duration-ms="1417" started-at="2018-05-04T13:02:48Z" finished-at="2018-05-04T13:02:49Z">
          <reporter-output>
          </reporter-output>
        </test-method> <!-- verifyErrorMsgPersonalDetailPage -->
        <test-method status="PASS" signature="tearDown()[pri:0, instance:com.comicrelief.apps.donation.VerifyErrorMessageTest@4cb2c100]" name="tearDown" is-config="true" duration-ms="77" started-at="2018-05-04T13:02:49Z" finished-at="2018-05-04T13:02:50Z">
          <reporter-output>
          </reporter-output>
        </test-method> <!-- tearDown -->
      </class> <!-- com.comicrelief.apps.donation.VerifyErrorMessageTest -->
    </test> <!-- Command line test -->
  </suite> <!-- Command line suite -->
</testng-results>
